<?xml version="1.0" encoding="UTF-8"?>
<testsuite name="jpabook.jpashop.JpashopApplicationTests" tests="1" skipped="0" failures="0" errors="0" timestamp="2023-11-27T06:32:38" hostname="DESKTOP-34OTVGC" time="0.361">
  <properties/>
  <testcase name="contextLoads()" classname="jpabook.jpashop.JpashopApplicationTests" time="0.361"/>
  <system-out><![CDATA[15:32:35.898 [Test worker] INFO org.springframework.test.context.support.AnnotationConfigContextLoaderUtils -- Could not detect default configuration classes for test class [jpabook.jpashop.JpashopApplicationTests]: JpashopApplicationTests does not declare any static, non-private, non-final, nested classes annotated with @Configuration.
15:32:35.899 [Test worker] INFO org.springframework.boot.test.context.SpringBootTestContextBootstrapper -- Found @SpringBootConfiguration jpabook.jpashop.JpashopApplication for test class jpabook.jpashop.JpashopApplicationTests
15:32:35.936 [Test worker] INFO org.springframework.boot.devtools.restart.RestartApplicationListener -- Restart disabled due to context in which it is running

  .   ____          _            __ _ _
 /\\ / ___'_ __ _ _(_)_ __  __ _ \ \ \ \
( ( )\___ | '_ | '_| | '_ \/ _` | \ \ \ \
 \\/  ___)| |_)| | | | | || (_| |  ) ) ) )
  '  |____| .__|_| |_|_| |_\__, | / / / /
 =========|_|==============|___/=/_/_/_/
 :: Spring Boot ::                (v3.1.6)

2023-11-27T15:32:36.124+09:00  INFO 3400 --- [    Test worker] j.jpashop.JpashopApplicationTests        : Starting JpashopApplicationTests using Java 17.0.9 with PID 3400 (started by User in D:\jpashop)
2023-11-27T15:32:36.125+09:00  INFO 3400 --- [    Test worker] j.jpashop.JpashopApplicationTests        : No active profile set, falling back to 1 default profile: "default"
2023-11-27T15:32:36.604+09:00  INFO 3400 --- [    Test worker] .s.d.r.c.RepositoryConfigurationDelegate : Bootstrapping Spring Data JPA repositories in DEFAULT mode.
2023-11-27T15:32:36.620+09:00  INFO 3400 --- [    Test worker] .s.d.r.c.RepositoryConfigurationDelegate : Finished Spring Data repository scanning in 10 ms. Found 0 JPA repository interfaces.
2023-11-27T15:32:37.057+09:00  INFO 3400 --- [    Test worker] o.hibernate.jpa.internal.util.LogHelper  : HHH000204: Processing PersistenceUnitInfo [name: default]
2023-11-27T15:32:37.111+09:00  INFO 3400 --- [    Test worker] org.hibernate.Version                    : HHH000412: Hibernate ORM core version 6.2.13.Final
2023-11-27T15:32:37.114+09:00  INFO 3400 --- [    Test worker] org.hibernate.cfg.Environment            : HHH000406: Using bytecode reflection optimizer
2023-11-27T15:32:37.230+09:00 DEBUG 3400 --- [    Test worker] org.hibernate.type.BasicTypeRegistry     : Adding type registration boolean -> org.hibernate.type.BasicTypeReference@4af7dd6a
2023-11-27T15:32:37.231+09:00 DEBUG 3400 --- [    Test worker] org.hibernate.type.BasicTypeRegistry     : Adding type registration boolean -> org.hibernate.type.BasicTypeReference@4af7dd6a
2023-11-27T15:32:37.231+09:00 DEBUG 3400 --- [    Test worker] org.hibernate.type.BasicTypeRegistry     : Adding type registration java.lang.Boolean -> org.hibernate.type.BasicTypeReference@4af7dd6a
2023-11-27T15:32:37.231+09:00 DEBUG 3400 --- [    Test worker] org.hibernate.type.BasicTypeRegistry     : Adding type registration numeric_boolean -> org.hibernate.type.BasicTypeReference@4607d78b
2023-11-27T15:32:37.231+09:00 DEBUG 3400 --- [    Test worker] org.hibernate.type.BasicTypeRegistry     : Adding type registration org.hibernate.type.NumericBooleanConverter -> org.hibernate.type.BasicTypeReference@4607d78b
2023-11-27T15:32:37.231+09:00 DEBUG 3400 --- [    Test worker] org.hibernate.type.BasicTypeRegistry     : Adding type registration true_false -> org.hibernate.type.BasicTypeReference@3b28b7b0
2023-11-27T15:32:37.231+09:00 DEBUG 3400 --- [    Test worker] org.hibernate.type.BasicTypeRegistry     : Adding type registration org.hibernate.type.TrueFalseConverter -> org.hibernate.type.BasicTypeReference@3b28b7b0
2023-11-27T15:32:37.231+09:00 DEBUG 3400 --- [    Test worker] org.hibernate.type.BasicTypeRegistry     : Adding type registration yes_no -> org.hibernate.type.BasicTypeReference@22048bd6
2023-11-27T15:32:37.231+09:00 DEBUG 3400 --- [    Test worker] org.hibernate.type.BasicTypeRegistry     : Adding type registration org.hibernate.type.YesNoConverter -> org.hibernate.type.BasicTypeReference@22048bd6
2023-11-27T15:32:37.231+09:00 DEBUG 3400 --- [    Test worker] org.hibernate.type.BasicTypeRegistry     : Adding type registration byte -> org.hibernate.type.BasicTypeReference@566c1e71
2023-11-27T15:32:37.231+09:00 DEBUG 3400 --- [    Test worker] org.hibernate.type.BasicTypeRegistry     : Adding type registration byte -> org.hibernate.type.BasicTypeReference@566c1e71
2023-11-27T15:32:37.231+09:00 DEBUG 3400 --- [    Test worker] org.hibernate.type.BasicTypeRegistry     : Adding type registration java.lang.Byte -> org.hibernate.type.BasicTypeReference@566c1e71
2023-11-27T15:32:37.232+09:00 DEBUG 3400 --- [    Test worker] org.hibernate.type.BasicTypeRegistry     : Adding type registration binary -> org.hibernate.type.BasicTypeReference@2e2f20b8
2023-11-27T15:32:37.232+09:00 DEBUG 3400 --- [    Test worker] org.hibernate.type.BasicTypeRegistry     : Adding type registration byte[] -> org.hibernate.type.BasicTypeReference@2e2f20b8
2023-11-27T15:32:37.232+09:00 DEBUG 3400 --- [    Test worker] org.hibernate.type.BasicTypeRegistry     : Adding type registration [B -> org.hibernate.type.BasicTypeReference@2e2f20b8
2023-11-27T15:32:37.232+09:00 DEBUG 3400 --- [    Test worker] org.hibernate.type.BasicTypeRegistry     : Adding type registration binary_wrapper -> org.hibernate.type.BasicTypeReference@60b1ff3b
2023-11-27T15:32:37.233+09:00 DEBUG 3400 --- [    Test worker] org.hibernate.type.BasicTypeRegistry     : Adding type registration wrapper-binary -> org.hibernate.type.BasicTypeReference@60b1ff3b
2023-11-27T15:32:37.233+09:00 DEBUG 3400 --- [    Test worker] org.hibernate.type.BasicTypeRegistry     : Adding type registration image -> org.hibernate.type.BasicTypeReference@374c3975
2023-11-27T15:32:37.233+09:00 DEBUG 3400 --- [    Test worker] org.hibernate.type.BasicTypeRegistry     : Adding type registration blob -> org.hibernate.type.BasicTypeReference@43c39321
2023-11-27T15:32:37.233+09:00 DEBUG 3400 --- [    Test worker] org.hibernate.type.BasicTypeRegistry     : Adding type registration java.sql.Blob -> org.hibernate.type.BasicTypeReference@43c39321
2023-11-27T15:32:37.233+09:00 DEBUG 3400 --- [    Test worker] org.hibernate.type.BasicTypeRegistry     : Adding type registration materialized_blob -> org.hibernate.type.BasicTypeReference@52aa7742
2023-11-27T15:32:37.233+09:00 DEBUG 3400 --- [    Test worker] org.hibernate.type.BasicTypeRegistry     : Adding type registration materialized_blob_wrapper -> org.hibernate.type.BasicTypeReference@3d0d120b
2023-11-27T15:32:37.233+09:00 DEBUG 3400 --- [    Test worker] org.hibernate.type.BasicTypeRegistry     : Adding type registration short -> org.hibernate.type.BasicTypeReference@6b5c134e
2023-11-27T15:32:37.233+09:00 DEBUG 3400 --- [    Test worker] org.hibernate.type.BasicTypeRegistry     : Adding type registration short -> org.hibernate.type.BasicTypeReference@6b5c134e
2023-11-27T15:32:37.233+09:00 DEBUG 3400 --- [    Test worker] org.hibernate.type.BasicTypeRegistry     : Adding type registration java.lang.Short -> org.hibernate.type.BasicTypeReference@6b5c134e
2023-11-27T15:32:37.234+09:00 DEBUG 3400 --- [    Test worker] org.hibernate.type.BasicTypeRegistry     : Adding type registration integer -> org.hibernate.type.BasicTypeReference@34d9df9f
2023-11-27T15:32:37.234+09:00 DEBUG 3400 --- [    Test worker] org.hibernate.type.BasicTypeRegistry     : Adding type registration int -> org.hibernate.type.BasicTypeReference@34d9df9f
2023-11-27T15:32:37.234+09:00 DEBUG 3400 --- [    Test worker] org.hibernate.type.BasicTypeRegistry     : Adding type registration java.lang.Integer -> org.hibernate.type.BasicTypeReference@34d9df9f
2023-11-27T15:32:37.234+09:00 DEBUG 3400 --- [    Test worker] org.hibernate.type.BasicTypeRegistry     : Adding type registration long -> org.hibernate.type.BasicTypeReference@35c8be21
2023-11-27T15:32:37.234+09:00 DEBUG 3400 --- [    Test worker] org.hibernate.type.BasicTypeRegistry     : Adding type registration long -> org.hibernate.type.BasicTypeReference@35c8be21
2023-11-27T15:32:37.234+09:00 DEBUG 3400 --- [    Test worker] org.hibernate.type.BasicTypeRegistry     : Adding type registration java.lang.Long -> org.hibernate.type.BasicTypeReference@35c8be21
2023-11-27T15:32:37.234+09:00 DEBUG 3400 --- [    Test worker] org.hibernate.type.BasicTypeRegistry     : Adding type registration float -> org.hibernate.type.BasicTypeReference@60807fd9
2023-11-27T15:32:37.234+09:00 DEBUG 3400 --- [    Test worker] org.hibernate.type.BasicTypeRegistry     : Adding type registration float -> org.hibernate.type.BasicTypeReference@60807fd9
2023-11-27T15:32:37.234+09:00 DEBUG 3400 --- [    Test worker] org.hibernate.type.BasicTypeRegistry     : Adding type registration java.lang.Float -> org.hibernate.type.BasicTypeReference@60807fd9
2023-11-27T15:32:37.235+09:00 DEBUG 3400 --- [    Test worker] org.hibernate.type.BasicTypeRegistry     : Adding type registration double -> org.hibernate.type.BasicTypeReference@6bcdd6e4
2023-11-27T15:32:37.235+09:00 DEBUG 3400 --- [    Test worker] org.hibernate.type.BasicTypeRegistry     : Adding type registration double -> org.hibernate.type.BasicTypeReference@6bcdd6e4
2023-11-27T15:32:37.235+09:00 DEBUG 3400 --- [    Test worker] org.hibernate.type.BasicTypeRegistry     : Adding type registration java.lang.Double -> org.hibernate.type.BasicTypeReference@6bcdd6e4
2023-11-27T15:32:37.235+09:00 DEBUG 3400 --- [    Test worker] org.hibernate.type.BasicTypeRegistry     : Adding type registration big_integer -> org.hibernate.type.BasicTypeReference@1192c925
2023-11-27T15:32:37.235+09:00 DEBUG 3400 --- [    Test worker] org.hibernate.type.BasicTypeRegistry     : Adding type registration java.math.BigInteger -> org.hibernate.type.BasicTypeReference@1192c925
2023-11-27T15:32:37.235+09:00 DEBUG 3400 --- [    Test worker] org.hibernate.type.BasicTypeRegistry     : Adding type registration big_decimal -> org.hibernate.type.BasicTypeReference@615b5480
2023-11-27T15:32:37.235+09:00 DEBUG 3400 --- [    Test worker] org.hibernate.type.BasicTypeRegistry     : Adding type registration java.math.BigDecimal -> org.hibernate.type.BasicTypeReference@615b5480
2023-11-27T15:32:37.236+09:00 DEBUG 3400 --- [    Test worker] org.hibernate.type.BasicTypeRegistry     : Adding type registration character -> org.hibernate.type.BasicTypeReference@24691c5
2023-11-27T15:32:37.236+09:00 DEBUG 3400 --- [    Test worker] org.hibernate.type.BasicTypeRegistry     : Adding type registration char -> org.hibernate.type.BasicTypeReference@24691c5
2023-11-27T15:32:37.236+09:00 DEBUG 3400 --- [    Test worker] org.hibernate.type.BasicTypeRegistry     : Adding type registration java.lang.Character -> org.hibernate.type.BasicTypeReference@24691c5
2023-11-27T15:32:37.236+09:00 DEBUG 3400 --- [    Test worker] org.hibernate.type.BasicTypeRegistry     : Adding type registration character_nchar -> org.hibernate.type.BasicTypeReference@7b91d9f
2023-11-27T15:32:37.236+09:00 DEBUG 3400 --- [    Test worker] org.hibernate.type.BasicTypeRegistry     : Adding type registration string -> org.hibernate.type.BasicTypeReference@6537ac
2023-11-27T15:32:37.236+09:00 DEBUG 3400 --- [    Test worker] org.hibernate.type.BasicTypeRegistry     : Adding type registration java.lang.String -> org.hibernate.type.BasicTypeReference@6537ac
2023-11-27T15:32:37.236+09:00 DEBUG 3400 --- [    Test worker] org.hibernate.type.BasicTypeRegistry     : Adding type registration nstring -> org.hibernate.type.BasicTypeReference@3b218c74
2023-11-27T15:32:37.237+09:00 DEBUG 3400 --- [    Test worker] org.hibernate.type.BasicTypeRegistry     : Adding type registration characters -> org.hibernate.type.BasicTypeReference@ddffa6c
2023-11-27T15:32:37.237+09:00 DEBUG 3400 --- [    Test worker] org.hibernate.type.BasicTypeRegistry     : Adding type registration char[] -> org.hibernate.type.BasicTypeReference@ddffa6c
2023-11-27T15:32:37.237+09:00 DEBUG 3400 --- [    Test worker] org.hibernate.type.BasicTypeRegistry     : Adding type registration [C -> org.hibernate.type.BasicTypeReference@ddffa6c
2023-11-27T15:32:37.237+09:00 DEBUG 3400 --- [    Test worker] org.hibernate.type.BasicTypeRegistry     : Adding type registration wrapper-characters -> org.hibernate.type.BasicTypeReference@42c54bad
2023-11-27T15:32:37.237+09:00 DEBUG 3400 --- [    Test worker] org.hibernate.type.BasicTypeRegistry     : Adding type registration text -> org.hibernate.type.BasicTypeReference@6bb4cc0e
2023-11-27T15:32:37.237+09:00 DEBUG 3400 --- [    Test worker] org.hibernate.type.BasicTypeRegistry     : Adding type registration ntext -> org.hibernate.type.BasicTypeReference@5cc1bf20
2023-11-27T15:32:37.237+09:00 DEBUG 3400 --- [    Test worker] org.hibernate.type.BasicTypeRegistry     : Adding type registration clob -> org.hibernate.type.BasicTypeReference@2e3f324e
2023-11-27T15:32:37.237+09:00 DEBUG 3400 --- [    Test worker] org.hibernate.type.BasicTypeRegistry     : Adding type registration java.sql.Clob -> org.hibernate.type.BasicTypeReference@2e3f324e
2023-11-27T15:32:37.238+09:00 DEBUG 3400 --- [    Test worker] org.hibernate.type.BasicTypeRegistry     : Adding type registration nclob -> org.hibernate.type.BasicTypeReference@46cf8c07
2023-11-27T15:32:37.238+09:00 DEBUG 3400 --- [    Test worker] org.hibernate.type.BasicTypeRegistry     : Adding type registration java.sql.NClob -> org.hibernate.type.BasicTypeReference@46cf8c07
2023-11-27T15:32:37.238+09:00 DEBUG 3400 --- [    Test worker] org.hibernate.type.BasicTypeRegistry     : Adding type registration materialized_clob -> org.hibernate.type.BasicTypeReference@b56ec6c
2023-11-27T15:32:37.238+09:00 DEBUG 3400 --- [    Test worker] org.hibernate.type.BasicTypeRegistry     : Adding type registration materialized_clob_char_array -> org.hibernate.type.BasicTypeReference@5abf6a99
2023-11-27T15:32:37.238+09:00 DEBUG 3400 --- [    Test worker] org.hibernate.type.BasicTypeRegistry     : Adding type registration materialized_clob_character_array -> org.hibernate.type.BasicTypeReference@dc59ec2
2023-11-27T15:32:37.238+09:00 DEBUG 3400 --- [    Test worker] org.hibernate.type.BasicTypeRegistry     : Adding type registration materialized_nclob -> org.hibernate.type.BasicTypeReference@375084c9
2023-11-27T15:32:37.238+09:00 DEBUG 3400 --- [    Test worker] org.hibernate.type.BasicTypeRegistry     : Adding type registration materialized_nclob_character_array -> org.hibernate.type.BasicTypeReference@bd93bc3
2023-11-27T15:32:37.238+09:00 DEBUG 3400 --- [    Test worker] org.hibernate.type.BasicTypeRegistry     : Adding type registration materialized_nclob_char_array -> org.hibernate.type.BasicTypeReference@2a136383
2023-11-27T15:32:37.238+09:00 DEBUG 3400 --- [    Test worker] org.hibernate.type.BasicTypeRegistry     : Adding type registration Duration -> org.hibernate.type.BasicTypeReference@b01cb8d
2023-11-27T15:32:37.238+09:00 DEBUG 3400 --- [    Test worker] org.hibernate.type.BasicTypeRegistry     : Adding type registration java.time.Duration -> org.hibernate.type.BasicTypeReference@b01cb8d
2023-11-27T15:32:37.238+09:00 DEBUG 3400 --- [    Test worker] org.hibernate.type.BasicTypeRegistry     : Adding type registration LocalDateTime -> org.hibernate.type.BasicTypeReference@38c460e8
2023-11-27T15:32:37.238+09:00 DEBUG 3400 --- [    Test worker] org.hibernate.type.BasicTypeRegistry     : Adding type registration java.time.LocalDateTime -> org.hibernate.type.BasicTypeReference@38c460e8
2023-11-27T15:32:37.239+09:00 DEBUG 3400 --- [    Test worker] org.hibernate.type.BasicTypeRegistry     : Adding type registration LocalDate -> org.hibernate.type.BasicTypeReference@7a814310
2023-11-27T15:32:37.239+09:00 DEBUG 3400 --- [    Test worker] org.hibernate.type.BasicTypeRegistry     : Adding type registration java.time.LocalDate -> org.hibernate.type.BasicTypeReference@7a814310
2023-11-27T15:32:37.239+09:00 DEBUG 3400 --- [    Test worker] org.hibernate.type.BasicTypeRegistry     : Adding type registration LocalTime -> org.hibernate.type.BasicTypeReference@4bbf38b8
2023-11-27T15:32:37.239+09:00 DEBUG 3400 --- [    Test worker] org.hibernate.type.BasicTypeRegistry     : Adding type registration java.time.LocalTime -> org.hibernate.type.BasicTypeReference@4bbf38b8
2023-11-27T15:32:37.239+09:00 DEBUG 3400 --- [    Test worker] org.hibernate.type.BasicTypeRegistry     : Adding type registration OffsetDateTime -> org.hibernate.type.BasicTypeReference@4e67cfe1
2023-11-27T15:32:37.239+09:00 DEBUG 3400 --- [    Test worker] org.hibernate.type.BasicTypeRegistry     : Adding type registration java.time.OffsetDateTime -> org.hibernate.type.BasicTypeReference@4e67cfe1
2023-11-27T15:32:37.239+09:00 DEBUG 3400 --- [    Test worker] org.hibernate.type.BasicTypeRegistry     : Adding type registration OffsetDateTimeWithTimezone -> org.hibernate.type.BasicTypeReference@55bf35e5
2023-11-27T15:32:37.240+09:00 DEBUG 3400 --- [    Test worker] org.hibernate.type.BasicTypeRegistry     : Adding type registration OffsetDateTimeWithoutTimezone -> org.hibernate.type.BasicTypeReference@25567581
2023-11-27T15:32:37.240+09:00 DEBUG 3400 --- [    Test worker] org.hibernate.type.BasicTypeRegistry     : Adding type registration OffsetTime -> org.hibernate.type.BasicTypeReference@179ee36b
2023-11-27T15:32:37.240+09:00 DEBUG 3400 --- [    Test worker] org.hibernate.type.BasicTypeRegistry     : Adding type registration java.time.OffsetTime -> org.hibernate.type.BasicTypeReference@179ee36b
2023-11-27T15:32:37.240+09:00 DEBUG 3400 --- [    Test worker] org.hibernate.type.BasicTypeRegistry     : Adding type registration OffsetTimeUtc -> org.hibernate.type.BasicTypeReference@67763ebe
2023-11-27T15:32:37.240+09:00 DEBUG 3400 --- [    Test worker] org.hibernate.type.BasicTypeRegistry     : Adding type registration OffsetTimeWithTimezone -> org.hibernate.type.BasicTypeReference@4b4a2fa8
2023-11-27T15:32:37.240+09:00 DEBUG 3400 --- [    Test worker] org.hibernate.type.BasicTypeRegistry     : Adding type registration OffsetTimeWithoutTimezone -> org.hibernate.type.BasicTypeReference@5da6b13d
2023-11-27T15:32:37.240+09:00 DEBUG 3400 --- [    Test worker] org.hibernate.type.BasicTypeRegistry     : Adding type registration ZonedDateTime -> org.hibernate.type.BasicTypeReference@3dc39459
2023-11-27T15:32:37.240+09:00 DEBUG 3400 --- [    Test worker] org.hibernate.type.BasicTypeRegistry     : Adding type registration java.time.ZonedDateTime -> org.hibernate.type.BasicTypeReference@3dc39459
2023-11-27T15:32:37.240+09:00 DEBUG 3400 --- [    Test worker] org.hibernate.type.BasicTypeRegistry     : Adding type registration ZonedDateTimeWithTimezone -> org.hibernate.type.BasicTypeReference@6b16de91
2023-11-27T15:32:37.240+09:00 DEBUG 3400 --- [    Test worker] org.hibernate.type.BasicTypeRegistry     : Adding type registration ZonedDateTimeWithoutTimezone -> org.hibernate.type.BasicTypeReference@71bb8b34
2023-11-27T15:32:37.240+09:00 DEBUG 3400 --- [    Test worker] org.hibernate.type.BasicTypeRegistry     : Adding type registration date -> org.hibernate.type.BasicTypeReference@197ce367
2023-11-27T15:32:37.240+09:00 DEBUG 3400 --- [    Test worker] org.hibernate.type.BasicTypeRegistry     : Adding type registration java.sql.Date -> org.hibernate.type.BasicTypeReference@197ce367
2023-11-27T15:32:37.240+09:00 DEBUG 3400 --- [    Test worker] org.hibernate.type.BasicTypeRegistry     : Adding type registration time -> org.hibernate.type.BasicTypeReference@383cdd4d
2023-11-27T15:32:37.240+09:00 DEBUG 3400 --- [    Test worker] org.hibernate.type.BasicTypeRegistry     : Adding type registration java.sql.Time -> org.hibernate.type.BasicTypeReference@383cdd4d
2023-11-27T15:32:37.240+09:00 DEBUG 3400 --- [    Test worker] org.hibernate.type.BasicTypeRegistry     : Adding type registration timestamp -> org.hibernate.type.BasicTypeReference@65036e8d
2023-11-27T15:32:37.240+09:00 DEBUG 3400 --- [    Test worker] org.hibernate.type.BasicTypeRegistry     : Adding type registration java.sql.Timestamp -> org.hibernate.type.BasicTypeReference@65036e8d
2023-11-27T15:32:37.241+09:00 DEBUG 3400 --- [    Test worker] org.hibernate.type.BasicTypeRegistry     : Adding type registration java.util.Date -> org.hibernate.type.BasicTypeReference@65036e8d
2023-11-27T15:32:37.241+09:00 DEBUG 3400 --- [    Test worker] org.hibernate.type.BasicTypeRegistry     : Adding type registration calendar -> org.hibernate.type.BasicTypeReference@48ccbb32
2023-11-27T15:32:37.241+09:00 DEBUG 3400 --- [    Test worker] org.hibernate.type.BasicTypeRegistry     : Adding type registration java.util.Calendar -> org.hibernate.type.BasicTypeReference@48ccbb32
2023-11-27T15:32:37.241+09:00 DEBUG 3400 --- [    Test worker] org.hibernate.type.BasicTypeRegistry     : Adding type registration java.util.GregorianCalendar -> org.hibernate.type.BasicTypeReference@48ccbb32
2023-11-27T15:32:37.241+09:00 DEBUG 3400 --- [    Test worker] org.hibernate.type.BasicTypeRegistry     : Adding type registration calendar_date -> org.hibernate.type.BasicTypeReference@36551e97
2023-11-27T15:32:37.241+09:00 DEBUG 3400 --- [    Test worker] org.hibernate.type.BasicTypeRegistry     : Adding type registration calendar_time -> org.hibernate.type.BasicTypeReference@685d7ba5
2023-11-27T15:32:37.241+09:00 DEBUG 3400 --- [    Test worker] org.hibernate.type.BasicTypeRegistry     : Adding type registration instant -> org.hibernate.type.BasicTypeReference@16d41725
2023-11-27T15:32:37.241+09:00 DEBUG 3400 --- [    Test worker] org.hibernate.type.BasicTypeRegistry     : Adding type registration java.time.Instant -> org.hibernate.type.BasicTypeReference@16d41725
2023-11-27T15:32:37.241+09:00 DEBUG 3400 --- [    Test worker] org.hibernate.type.BasicTypeRegistry     : Adding type registration uuid -> org.hibernate.type.BasicTypeReference@3b6c2be6
2023-11-27T15:32:37.241+09:00 DEBUG 3400 --- [    Test worker] org.hibernate.type.BasicTypeRegistry     : Adding type registration java.util.UUID -> org.hibernate.type.BasicTypeReference@3b6c2be6
2023-11-27T15:32:37.241+09:00 DEBUG 3400 --- [    Test worker] org.hibernate.type.BasicTypeRegistry     : Adding type registration pg-uuid -> org.hibernate.type.BasicTypeReference@3b6c2be6
2023-11-27T15:32:37.241+09:00 DEBUG 3400 --- [    Test worker] org.hibernate.type.BasicTypeRegistry     : Adding type registration uuid-binary -> org.hibernate.type.BasicTypeReference@25533bba
2023-11-27T15:32:37.241+09:00 DEBUG 3400 --- [    Test worker] org.hibernate.type.BasicTypeRegistry     : Adding type registration uuid-char -> org.hibernate.type.BasicTypeReference@26d0ece6
2023-11-27T15:32:37.241+09:00 DEBUG 3400 --- [    Test worker] org.hibernate.type.BasicTypeRegistry     : Adding type registration class -> org.hibernate.type.BasicTypeReference@100bba26
2023-11-27T15:32:37.241+09:00 DEBUG 3400 --- [    Test worker] org.hibernate.type.BasicTypeRegistry     : Adding type registration java.lang.Class -> org.hibernate.type.BasicTypeReference@100bba26
2023-11-27T15:32:37.242+09:00 DEBUG 3400 --- [    Test worker] org.hibernate.type.BasicTypeRegistry     : Adding type registration currency -> org.hibernate.type.BasicTypeReference@4ae280da
2023-11-27T15:32:37.242+09:00 DEBUG 3400 --- [    Test worker] org.hibernate.type.BasicTypeRegistry     : Adding type registration Currency -> org.hibernate.type.BasicTypeReference@4ae280da
2023-11-27T15:32:37.242+09:00 DEBUG 3400 --- [    Test worker] org.hibernate.type.BasicTypeRegistry     : Adding type registration java.util.Currency -> org.hibernate.type.BasicTypeReference@4ae280da
2023-11-27T15:32:37.242+09:00 DEBUG 3400 --- [    Test worker] org.hibernate.type.BasicTypeRegistry     : Adding type registration locale -> org.hibernate.type.BasicTypeReference@76d0ecd7
2023-11-27T15:32:37.242+09:00 DEBUG 3400 --- [    Test worker] org.hibernate.type.BasicTypeRegistry     : Adding type registration java.util.Locale -> org.hibernate.type.BasicTypeReference@76d0ecd7
2023-11-27T15:32:37.242+09:00 DEBUG 3400 --- [    Test worker] org.hibernate.type.BasicTypeRegistry     : Adding type registration serializable -> org.hibernate.type.BasicTypeReference@57c69937
2023-11-27T15:32:37.242+09:00 DEBUG 3400 --- [    Test worker] org.hibernate.type.BasicTypeRegistry     : Adding type registration java.io.Serializable -> org.hibernate.type.BasicTypeReference@57c69937
2023-11-27T15:32:37.243+09:00 DEBUG 3400 --- [    Test worker] org.hibernate.type.BasicTypeRegistry     : Adding type registration timezone -> org.hibernate.type.BasicTypeReference@1ad1c363
2023-11-27T15:32:37.243+09:00 DEBUG 3400 --- [    Test worker] org.hibernate.type.BasicTypeRegistry     : Adding type registration java.util.TimeZone -> org.hibernate.type.BasicTypeReference@1ad1c363
2023-11-27T15:32:37.243+09:00 DEBUG 3400 --- [    Test worker] org.hibernate.type.BasicTypeRegistry     : Adding type registration ZoneOffset -> org.hibernate.type.BasicTypeReference@446b64b3
2023-11-27T15:32:37.243+09:00 DEBUG 3400 --- [    Test worker] org.hibernate.type.BasicTypeRegistry     : Adding type registration java.time.ZoneOffset -> org.hibernate.type.BasicTypeReference@446b64b3
2023-11-27T15:32:37.243+09:00 DEBUG 3400 --- [    Test worker] org.hibernate.type.BasicTypeRegistry     : Adding type registration url -> org.hibernate.type.BasicTypeReference@35ac9ebd
2023-11-27T15:32:37.243+09:00 DEBUG 3400 --- [    Test worker] org.hibernate.type.BasicTypeRegistry     : Adding type registration java.net.URL -> org.hibernate.type.BasicTypeReference@35ac9ebd
2023-11-27T15:32:37.243+09:00 DEBUG 3400 --- [    Test worker] org.hibernate.type.BasicTypeRegistry     : Adding type registration row_version -> org.hibernate.type.BasicTypeReference@56c0a61e
2023-11-27T15:32:37.246+09:00 DEBUG 3400 --- [    Test worker] org.hibernate.type.BasicTypeRegistry     : Adding type registration object -> org.hibernate.type.JavaObjectType@4cae66a8
2023-11-27T15:32:37.247+09:00 DEBUG 3400 --- [    Test worker] org.hibernate.type.BasicTypeRegistry     : Adding type registration java.lang.Object -> org.hibernate.type.JavaObjectType@4cae66a8
2023-11-27T15:32:37.248+09:00 DEBUG 3400 --- [    Test worker] org.hibernate.type.BasicTypeRegistry     : Adding type registration null -> org.hibernate.type.NullType@1815577b
2023-11-27T15:32:37.248+09:00 DEBUG 3400 --- [    Test worker] org.hibernate.type.BasicTypeRegistry     : Adding type registration imm_date -> org.hibernate.type.BasicTypeReference@71567f33
2023-11-27T15:32:37.248+09:00 DEBUG 3400 --- [    Test worker] org.hibernate.type.BasicTypeRegistry     : Adding type registration imm_time -> org.hibernate.type.BasicTypeReference@71369e1a
2023-11-27T15:32:37.248+09:00 DEBUG 3400 --- [    Test worker] org.hibernate.type.BasicTypeRegistry     : Adding type registration imm_timestamp -> org.hibernate.type.BasicTypeReference@3cf55e0c
2023-11-27T15:32:37.248+09:00 DEBUG 3400 --- [    Test worker] org.hibernate.type.BasicTypeRegistry     : Adding type registration imm_calendar -> org.hibernate.type.BasicTypeReference@ee96866
2023-11-27T15:32:37.248+09:00 DEBUG 3400 --- [    Test worker] org.hibernate.type.BasicTypeRegistry     : Adding type registration imm_calendar_date -> org.hibernate.type.BasicTypeReference@4c04216f
2023-11-27T15:32:37.248+09:00 DEBUG 3400 --- [    Test worker] org.hibernate.type.BasicTypeRegistry     : Adding type registration imm_calendar_time -> org.hibernate.type.BasicTypeReference@987a0bb
2023-11-27T15:32:37.248+09:00 DEBUG 3400 --- [    Test worker] org.hibernate.type.BasicTypeRegistry     : Adding type registration imm_binary -> org.hibernate.type.BasicTypeReference@1f949ab9
2023-11-27T15:32:37.248+09:00 DEBUG 3400 --- [    Test worker] org.hibernate.type.BasicTypeRegistry     : Adding type registration imm_serializable -> org.hibernate.type.BasicTypeReference@5a7b6b75
2023-11-27T15:32:37.368+09:00  INFO 3400 --- [    Test worker] o.s.o.j.p.SpringPersistenceUnitInfo      : No LoadTimeWeaver setup: ignoring JPA class transformer
2023-11-27T15:32:37.393+09:00  INFO 3400 --- [    Test worker] com.zaxxer.hikari.HikariDataSource       : HikariPool-1 - Starting...
2023-11-27T15:32:37.446+09:00  INFO 3400 --- [    Test worker] com.zaxxer.hikari.pool.HikariPool        : HikariPool-1 - Added connection conn0: url=jdbc:h2:tcp://localhost/~/jpashop user=SA
2023-11-27T15:32:37.447+09:00  INFO 3400 --- [    Test worker] com.zaxxer.hikari.HikariDataSource       : HikariPool-1 - Start completed.
2023-11-27T15:32:37.487+09:00 DEBUG 3400 --- [    Test worker] o.h.t.d.jdbc.spi.JdbcTypeRegistry        : addDescriptor(NCharTypeDescriptor) replaced previous registration(CharTypeDescriptor)
2023-11-27T15:32:37.487+09:00 DEBUG 3400 --- [    Test worker] o.h.t.d.jdbc.spi.JdbcTypeRegistry        : addDescriptor(NVarcharTypeDescriptor) replaced previous registration(VarcharTypeDescriptor)
2023-11-27T15:32:37.487+09:00 DEBUG 3400 --- [    Test worker] o.h.t.d.jdbc.spi.JdbcTypeRegistry        : addDescriptor(LongNVarcharTypeDescriptor) replaced previous registration(LongVarcharTypeDescriptor)
2023-11-27T15:32:37.488+09:00 DEBUG 3400 --- [    Test worker] o.h.t.d.jdbc.spi.JdbcTypeRegistry        : addDescriptor(NClobTypeDescriptor(DEFAULT)) replaced previous registration(ClobTypeDescriptor(DEFAULT))
2023-11-27T15:32:37.489+09:00 DEBUG 3400 --- [    Test worker] o.h.t.d.jdbc.spi.JdbcTypeRegistry        : addDescriptor(2005, ClobTypeDescriptor(STREAM_BINDING)) replaced previous registration(ClobTypeDescriptor(DEFAULT))
2023-11-27T15:32:37.490+09:00 DEBUG 3400 --- [    Test worker] o.h.t.d.jdbc.spi.JdbcTypeRegistry        : addDescriptor(TimestampUtcDescriptor) replaced previous registration(TimestampUtcDescriptor)
2023-11-27T15:32:37.493+09:00 DEBUG 3400 --- [    Test worker] org.hibernate.type.BasicTypeRegistry     : Adding type registration Duration -> basicType@1(java.time.Duration,2)
2023-11-27T15:32:37.493+09:00 DEBUG 3400 --- [    Test worker] org.hibernate.type.BasicTypeRegistry     : Adding type registration java.time.Duration -> basicType@1(java.time.Duration,2)
2023-11-27T15:32:37.495+09:00 DEBUG 3400 --- [    Test worker] o.h.type.spi.TypeConfiguration$Scope     : Scoping TypeConfiguration [org.hibernate.type.spi.TypeConfiguration@22ff1372] to MetadataBuildingContext [org.hibernate.boot.internal.MetadataBuildingContextRootImpl@356341c9]
2023-11-27T15:32:37.586+09:00  INFO 3400 --- [    Test worker] p6spy                                    : #1701066757586 | took 5ms | statement | connection 1| url jdbc:h2:tcp://localhost/~/jpashop
select * from INFORMATION_SCHEMA.SEQUENCES
select * from INFORMATION_SCHEMA.SEQUENCES;
2023-11-27T15:32:38.007+09:00  INFO 3400 --- [    Test worker] o.h.e.t.j.p.i.JtaPlatformInitiator       : HHH000489: No JTA platform available (set 'hibernate.transaction.jta.platform' to enable JTA platform integration)
2023-11-27T15:32:38.008+09:00 DEBUG 3400 --- [    Test worker] o.h.type.spi.TypeConfiguration$Scope     : Scoping TypeConfiguration [org.hibernate.type.spi.TypeConfiguration@22ff1372] to SessionFactoryImplementor [org.hibernate.internal.SessionFactoryImpl@7dfca9e6]
2023-11-27T15:32:38.018+09:00 DEBUG 3400 --- [    Test worker] org.hibernate.SQL                        : 
    drop table if exists member cascade 
2023-11-27T15:32:38.020+09:00  INFO 3400 --- [    Test worker] p6spy                                    : #1701066758020 | took 0ms | statement | connection 2| url jdbc:h2:tcp://localhost/~/jpashop

    drop table if exists member cascade 

    drop table if exists member cascade ;
2023-11-27T15:32:38.020+09:00 DEBUG 3400 --- [    Test worker] org.hibernate.SQL                        : 
    drop sequence if exists member_seq
2023-11-27T15:32:38.021+09:00  INFO 3400 --- [    Test worker] p6spy                                    : #1701066758021 | took 0ms | statement | connection 2| url jdbc:h2:tcp://localhost/~/jpashop

    drop sequence if exists member_seq

    drop sequence if exists member_seq;
2023-11-27T15:32:38.025+09:00 DEBUG 3400 --- [    Test worker] org.hibernate.SQL                        : 
    create sequence member_seq start with 1 increment by 50
2023-11-27T15:32:38.026+09:00  INFO 3400 --- [    Test worker] p6spy                                    : #1701066758026 | took 0ms | statement | connection 3| url jdbc:h2:tcp://localhost/~/jpashop

    create sequence member_seq start with 1 increment by 50

    create sequence member_seq start with 1 increment by 50;
2023-11-27T15:32:38.028+09:00 DEBUG 3400 --- [    Test worker] org.hibernate.SQL                        : 
    create table member (
        id bigint not null,
        username varchar(255),
        primary key (id)
    )
2023-11-27T15:32:38.029+09:00  INFO 3400 --- [    Test worker] p6spy                                    : #1701066758029 | took 1ms | statement | connection 3| url jdbc:h2:tcp://localhost/~/jpashop

    create table member (
        id bigint not null,
        username varchar(255),
        primary key (id)
    )

    create table member (
        id bigint not null,
        username varchar(255),
        primary key (id)
    );
2023-11-27T15:32:38.031+09:00 TRACE 3400 --- [    Test worker] o.h.type.spi.TypeConfiguration$Scope     : Handling #sessionFactoryCreated from [org.hibernate.internal.SessionFactoryImpl@7dfca9e6] for TypeConfiguration
2023-11-27T15:32:38.032+09:00  INFO 3400 --- [    Test worker] j.LocalContainerEntityManagerFactoryBean : Initialized JPA EntityManagerFactory for persistence unit 'default'
2023-11-27T15:32:38.169+09:00  WARN 3400 --- [    Test worker] JpaBaseConfiguration$JpaWebConfiguration : spring.jpa.open-in-view is enabled by default. Therefore, database queries may be performed during view rendering. Explicitly configure spring.jpa.open-in-view to disable this warning
2023-11-27T15:32:38.340+09:00  INFO 3400 --- [    Test worker] o.s.b.a.w.s.WelcomePageHandlerMapping    : Adding welcome page: class path resource [static/index.html]
2023-11-27T15:32:38.538+09:00  INFO 3400 --- [    Test worker] j.jpashop.JpashopApplicationTests        : Started JpashopApplicationTests in 2.608 seconds (process running for 3.412)
]]></system-out>
  <system-err><![CDATA[]]></system-err>
</testsuite>
